\BOOKMARK [0][-]{chapter.1}{Introduction}{}% 1
\BOOKMARK [1][-]{section.1.1}{AUTOtech.agil}{chapter.1}% 2
\BOOKMARK [1][-]{section.1.2}{Motivation}{chapter.1}% 3
\BOOKMARK [1][-]{section.1.3}{Contributions}{chapter.1}% 4
\BOOKMARK [1][-]{section.1.4}{Structure\040of\040the\040Thesis}{chapter.1}% 5
\BOOKMARK [0][-]{chapter.2}{Background}{}% 6
\BOOKMARK [1][-]{section.2.1}{Robot\040Operating\040System\0401\040\(ROS1\)}{chapter.2}% 7
\BOOKMARK [1][-]{section.2.2}{Autonomous\040Driving\040Segmentation\040Datasets}{chapter.2}% 8
\BOOKMARK [2][-]{subsection.2.2.1}{COCO}{section.2.2}% 9
\BOOKMARK [2][-]{subsection.2.2.2}{KINS}{section.2.2}% 10
\BOOKMARK [2][-]{subsection.2.2.3}{nuImages}{section.2.2}% 11
\BOOKMARK [2][-]{subsection.2.2.4}{TUMTraf\040Intersection\040Dataset}{section.2.2}% 12
\BOOKMARK [1][-]{section.2.3}{Label\040Format}{chapter.2}% 13
\BOOKMARK [2][-]{subsection.2.3.1}{OpenLABEL\040Format}{section.2.3}% 14
\BOOKMARK [2][-]{subsection.2.3.2}{YOLO\040Format}{section.2.3}% 15
\BOOKMARK [2][-]{subsection.2.3.3}{COCO\040Format}{section.2.3}% 16
\BOOKMARK [1][-]{section.2.4}{Computer\040Vision\040Annotation\040Tool\040\(CVAT\)}{chapter.2}% 17
\BOOKMARK [0][-]{chapter.3}{Related\040Work}{}% 18
\BOOKMARK [1][-]{section.3.1}{Providentia\040Mono3D\040System}{chapter.3}% 19
\BOOKMARK [1][-]{section.3.2}{Instance\040Segmentation\040models}{chapter.3}% 20
\BOOKMARK [2][-]{subsection.3.2.1}{Two-stage\040object\040detection\040models}{section.3.2}% 21
\BOOKMARK [2][-]{subsection.3.2.2}{Multi-stage\040object\040detection\040models}{section.3.2}% 22
\BOOKMARK [2][-]{subsection.3.2.3}{Single-stage\040object\040detection\040models}{section.3.2}% 23
\BOOKMARK [2][-]{subsection.3.2.4}{Amodal\040Instance\040Segmentation}{section.3.2}% 24
\BOOKMARK [0][-]{chapter.4}{Solution\040Approach}{}% 25
\BOOKMARK [1][-]{section.4.1}{Pre-trained\040Models\040on\040TUMTraf\040Intersection\040Dataset}{chapter.4}% 26
\BOOKMARK [1][-]{section.4.2}{Segmentation\040Annotation\040for\040TUMTraf\040Intersection\040Dataset}{chapter.4}% 27
\BOOKMARK [2][-]{subsection.4.2.1}{Extended\040Annotation\040Formats}{section.4.2}% 28
\BOOKMARK [2][-]{subsection.4.2.2}{Annotation\040Format\040Converters}{section.4.2}% 29
\BOOKMARK [2][-]{subsection.4.2.3}{2D\040Annotation\040Interpolation\040Pipeline}{section.4.2}% 30
\BOOKMARK [2][-]{subsection.4.2.4}{Annotating\040Instance\040Masks}{section.4.2}% 31
\BOOKMARK [1][-]{section.4.3}{Instance\040Segmentation\040Node}{chapter.4}% 32
\BOOKMARK [2][-]{subsection.4.3.1}{Training\040different\040YOLOv8\040models}{section.4.3}% 33
\BOOKMARK [2][-]{subsection.4.3.2}{TensorRT\040Optimization}{section.4.3}% 34
\BOOKMARK [2][-]{subsection.4.3.3}{Training\040C2F\040model}{section.4.3}% 35
\BOOKMARK [0][-]{chapter.5}{Evaluation}{}% 36
\BOOKMARK [1][-]{section.5.1}{Comparison\040Objectives}{chapter.5}% 37
\BOOKMARK [1][-]{section.5.2}{Evaluation\040Metrics}{chapter.5}% 38
\BOOKMARK [2][-]{subsection.5.2.1}{Intersection\040over\040Union}{section.5.2}% 39
\BOOKMARK [2][-]{subsection.5.2.2}{Average\040Precision}{section.5.2}% 40
\BOOKMARK [1][-]{section.5.3}{2D\040Quantitative\040Analysis}{chapter.5}% 41
\BOOKMARK [2][-]{subsection.5.3.1}{YOLO\040Models\040Quantitative\040Analysis}{section.5.3}% 42
\BOOKMARK [2][-]{subsection.5.3.2}{C2F\040Models\040Quantitative\040Analysis}{section.5.3}% 43
\BOOKMARK [1][-]{section.5.4}{Inference\040Speed}{chapter.5}% 44
\BOOKMARK [1][-]{section.5.5}{3D\040Perception\040Performance\040Analysis}{chapter.5}% 45
\BOOKMARK [1][-]{section.5.6}{Qualitative\040Analysis}{chapter.5}% 46
\BOOKMARK [0][-]{chapter.6}{Experiments}{}% 47
\BOOKMARK [1][-]{section.6.1}{Performance\040on\040Night\040sequence}{chapter.6}% 48
\BOOKMARK [1][-]{section.6.2}{Performance\040on\040TUMTraf\040Intersection\040Dataset}{chapter.6}% 49
\BOOKMARK [1][-]{section.6.3}{Performance\040on\040Highway}{chapter.6}% 50
\BOOKMARK [1][-]{section.6.4}{Time-shifted\040ground\040truth\040labels\040and\0403D\040tracker}{chapter.6}% 51
\BOOKMARK [0][-]{chapter.7}{Conclusion}{}% 52
\BOOKMARK [0][-]{chapter.8}{Outlook\040and\040Future\040Work}{}% 53
\BOOKMARK [0][-]{chapter*.28}{Bibliography}{}% 54
